TN:
SF:server.js
FN:65,(anonymous_0)
FN:91,(anonymous_1)
FN:106,(anonymous_2)
FN:124,(anonymous_3)
FN:160,(anonymous_4)
FN:217,(anonymous_5)
FN:221,(anonymous_6)
FN:251,(anonymous_7)
FN:280,(anonymous_8)
FN:287,(anonymous_9)
FN:292,(anonymous_10)
FN:304,(anonymous_11)
FN:308,(anonymous_12)
FN:323,selectOptimalEdge
FN:331,filterQualitiesForDevice
FN:347,(anonymous_15)
FN:350,updateBandwidthEstimate
FN:357,calculateQoE
FN:362,(anonymous_18)
FN:367,(anonymous_19)
FN:371,(anonymous_20)
FN:375,(anonymous_21)
FN:381,getStreamingRecommendations
FN:396,generateCDNToken
FN:409,(anonymous_24)
FNF:25
FNH:24
FNDA:44,(anonymous_0)
FNDA:266,(anonymous_1)
FNDA:266,(anonymous_2)
FNDA:5,(anonymous_3)
FNDA:7,(anonymous_4)
FNDA:19,(anonymous_5)
FNDA:41,(anonymous_6)
FNDA:6,(anonymous_7)
FNDA:7,(anonymous_8)
FNDA:39,(anonymous_9)
FNDA:56,(anonymous_10)
FNDA:6,(anonymous_11)
FNDA:24,(anonymous_12)
FNDA:88,selectOptimalEdge
FNDA:44,filterQualitiesForDevice
FNDA:352,(anonymous_15)
FNDA:9,updateBandwidthEstimate
FNDA:18,calculateQoE
FNDA:29,(anonymous_18)
FNDA:29,(anonymous_19)
FNDA:29,(anonymous_20)
FNDA:34,(anonymous_21)
FNDA:18,getStreamingRecommendations
FNDA:4,generateCDNToken
FNDA:0,(anonymous_24)
DA:14,57
DA:15,57
DA:16,57
DA:17,57
DA:18,57
DA:19,57
DA:20,57
DA:22,57
DA:23,57
DA:26,57
DA:32,57
DA:33,57
DA:34,57
DA:37,57
DA:38,57
DA:39,57
DA:42,57
DA:50,57
DA:65,57
DA:66,44
DA:67,44
DA:68,44
DA:69,44
DA:72,44
DA:73,44
DA:76,44
DA:79,44
DA:80,44
DA:81,44
DA:82,44
DA:85,44
DA:86,44
DA:87,44
DA:88,44
DA:91,44
DA:92,266
DA:93,266
DA:94,266
DA:95,266
DA:96,266
DA:97,266
DA:101,44
DA:106,266
DA:109,44
DA:117,44
DA:124,57
DA:125,5
DA:126,5
DA:127,5
DA:128,5
DA:130,5
DA:131,5
DA:132,5
DA:133,5
DA:134,5
DA:135,5
DA:138,5
DA:139,320
DA:140,320
DA:143,5
DA:144,3
DA:147,5
DA:153,5
DA:160,57
DA:161,7
DA:162,7
DA:165,7
DA:166,7
DA:169,7
DA:170,7340032
DA:173,7
DA:175,4
DA:176,4
DA:177,4
DA:178,4
DA:180,4
DA:189,4
DA:192,3
DA:200,3
DA:204,7
DA:217,57
DA:218,19
DA:219,19
DA:221,19
DA:222,41
DA:229,41
DA:232,41
DA:233,9
DA:238,18
DA:240,18
DA:251,57
DA:252,6
DA:255,6
DA:257,6
DA:258,4
DA:259,4
DA:261,4
DA:269,2
DA:280,57
DA:281,7
DA:282,7
DA:285,7
DA:287,39
DA:289,7
DA:292,56
DA:304,57
DA:305,6
DA:308,24
DA:318,6
DA:326,88
DA:327,88
DA:328,88
DA:332,44
DA:334,44
DA:336,1
DA:337,1
DA:339,1
DA:340,1
DA:342,2
DA:343,2
DA:346,44
DA:347,352
DA:351,9
DA:353,9
DA:354,9
DA:359,18
DA:360,18
DA:362,29
DA:364,5
DA:367,29
DA:368,5
DA:371,29
DA:372,5
DA:375,34
DA:376,5
DA:378,5
DA:382,18
DA:383,18
DA:385,18
DA:386,3
DA:389,18
DA:390,0
DA:393,18
DA:398,4
DA:404,4
DA:408,57
DA:409,0
DA:410,0
DA:411,0
DA:412,0
DA:413,0
DA:414,0
DA:415,0
DA:416,0
DA:417,0
DA:418,0
DA:419,0
DA:420,0
DA:425,57
LF:159
LH:146
BRDA:23,0,0,57
BRDA:23,0,1,56
BRDA:67,1,0,44
BRDA:67,1,1,39
BRDA:68,2,0,44
BRDA:68,2,1,37
BRDA:69,3,0,44
BRDA:69,3,1,33
BRDA:128,4,0,2
BRDA:128,4,1,3
BRDA:143,5,0,3
BRDA:143,5,1,2
BRDA:149,6,0,2
BRDA:149,6,1,3
BRDA:173,7,0,4
BRDA:173,7,1,3
BRDA:177,8,0,2
BRDA:177,8,1,2
BRDA:208,9,0,0
BRDA:208,9,1,0
BRDA:232,10,0,9
BRDA:232,10,1,32
BRDA:255,11,0,6
BRDA:255,11,1,5
BRDA:257,12,0,4
BRDA:257,12,1,2
BRDA:282,13,0,7
BRDA:282,13,1,1
BRDA:285,14,0,7
BRDA:285,14,1,1
BRDA:312,15,0,24
BRDA:312,15,1,0
BRDA:334,16,0,1
BRDA:334,16,1,1
BRDA:334,16,2,2
BRDA:347,17,0,352
BRDA:347,17,1,349
BRDA:351,18,0,9
BRDA:351,18,1,8
BRDA:360,19,0,13
BRDA:360,19,1,5
BRDA:382,20,0,18
BRDA:382,20,1,8
BRDA:385,21,0,3
BRDA:385,21,1,15
BRDA:389,22,0,0
BRDA:389,22,1,18
BRDA:408,23,0,0
BRDA:408,23,1,57
BRF:49
BRH:44
end_of_record
